*** Starting uWSGI 2.0.20 (64bit) on [Sun Mar 20 04:12:51 2022] ***
compiled with version: 9.3.0 on 03 March 2022 20:21:01
os: Linux-5.4.0-60-generic #67-Ubuntu SMP Tue Jan 5 18:31:36 UTC 2021
nodename: bvm48
machine: x86_64
clock source: unix
pcre jit disabled
detected number of CPU cores: 4
current working directory: /
detected binary path: /usr/local/bin/uwsgi
chdir() to /home/tmh327/public_html/uwsgi/
your processes number limit is 15393
your memory page size is 4096 bytes
detected max file descriptor number: 1024
lock engine: pthread robust mutexes
thunder lock: disabled (you can enable it with --thunder-lock)
uwsgi socket 0 inherited INET address 10.246.250.148:9917 fd 9
Python version: 3.8.10 (default, Nov 26 2021, 20:14:08)  [GCC 9.3.0]
PEP 405 virtualenv detected: /home/tmh327/public_html/uwsgi/env/
Set PythonHome to /home/tmh327/public_html/uwsgi/env/
*** Python threads support is disabled. You can enable it with --enable-threads ***
Python main interpreter initialized at 0x55f315d16ee0
your server socket listen backlog is limited to 100 connections
your mercy for graceful operations on workers is 60 seconds
mapped 364600 bytes (356 KB) for 4 cores
*** Operational MODE: preforking ***
Traceback (most recent call last):
  File "/home2/home-t/tmh327/public_html/uwsgi/./run.py", line 4, in <module>
    from forms import LoginForm, ProjectForm, RegisterForm, ProfileForm
  File "/home2/home-t/tmh327/public_html/uwsgi/./forms.py", line 2, in <module>
    from flask_wtf import FlaskForm
ModuleNotFoundError: No module named 'flask_wtf'
unable to load app 0 (mountpoint='') (callable not found or import error)
*** no app loaded. going in full dynamic mode ***
*** uWSGI is running in multiple interpreter mode ***
gracefully (RE)spawned uWSGI master process (pid: 195666)
spawned uWSGI worker 1 (pid: 195853, cores: 1)
spawned uWSGI worker 2 (pid: 195854, cores: 1)
spawned uWSGI worker 3 (pid: 195855, cores: 1)
spawned uWSGI worker 4 (pid: 195856, cores: 1)
--- no python application found, check your startup logs for errors ---
[pid: 195855|app: -1|req: -1/1] 10.246.155.246 () {34 vars in 662 bytes} [Sun Mar 20 04:13:46 2022] GET / => generated 21 bytes in 0 msecs (HTTP/1.1 500) 2 headers in 83 bytes (0 switches on core 0)
announcing my loyalty to the Emperor...
--- no python application found, check your startup logs for errors ---
[pid: 195855|app: -1|req: -1/2] 10.246.155.246 () {32 vars in 590 bytes} [Sun Mar 20 04:13:46 2022] GET /favicon.ico => generated 21 bytes in 0 msecs (HTTP/1.1 500) 2 headers in 83 bytes (0 switches on core 0)
--- no python application found, check your startup logs for errors ---
[pid: 195854|app: -1|req: -1/3] 10.246.155.246 () {34 vars in 662 bytes} [Sun Mar 20 04:16:34 2022] GET / => generated 21 bytes in 0 msecs (HTTP/1.1 500) 2 headers in 83 bytes (0 switches on core 0)
announcing my loyalty to the Emperor...
--- no python application found, check your startup logs for errors ---
[pid: 195854|app: -1|req: -1/4] 10.246.155.246 () {32 vars in 590 bytes} [Sun Mar 20 04:16:34 2022] GET /favicon.ico => generated 21 bytes in 0 msecs (HTTP/1.1 500) 2 headers in 83 bytes (0 switches on core 0)
Sun Mar 20 04:16:37 2022 - received message 1 from emperor
...gracefully killing workers...
*** Starting uWSGI 2.0.20 (64bit) on [Sun Mar 20 04:16:37 2022] ***
compiled with version: 9.3.0 on 03 March 2022 20:21:01
os: Linux-5.4.0-60-generic #67-Ubuntu SMP Tue Jan 5 18:31:36 UTC 2021
nodename: bvm48
machine: x86_64
clock source: unix
pcre jit disabled
detected number of CPU cores: 4
current working directory: /
detected binary path: /usr/local/bin/uwsgi
chdir() to /home/tmh327/public_html/uwsgi/
your processes number limit is 15393
your memory page size is 4096 bytes
detected max file descriptor number: 1024
lock engine: pthread robust mutexes
thunder lock: disabled (you can enable it with --thunder-lock)
uwsgi socket 0 inherited INET address 10.246.250.148:9917 fd 9
Python version: 3.8.10 (default, Nov 26 2021, 20:14:08)  [GCC 9.3.0]
PEP 405 virtualenv detected: /home/tmh327/public_html/uwsgi/env/
Set PythonHome to /home/tmh327/public_html/uwsgi/env/
*** Python threads support is disabled. You can enable it with --enable-threads ***
Python main interpreter initialized at 0x55f63a64cee0
your server socket listen backlog is limited to 100 connections
your mercy for graceful operations on workers is 60 seconds
mapped 364600 bytes (356 KB) for 4 cores
*** Operational MODE: preforking ***
ModuleNotFoundError: No module named 'wsgi'
unable to load app 0 (mountpoint='') (callable not found or import error)
*** no app loaded. going in full dynamic mode ***
*** uWSGI is running in multiple interpreter mode ***
gracefully (RE)spawned uWSGI master process (pid: 195666)
spawned uWSGI worker 1 (pid: 195880, cores: 1)
spawned uWSGI worker 2 (pid: 195881, cores: 1)
spawned uWSGI worker 3 (pid: 195882, cores: 1)
spawned uWSGI worker 4 (pid: 195883, cores: 1)
Sun Mar 20 04:17:08 2022 - received message 1 from emperor
*** Starting uWSGI 2.0.20 (64bit) on [Sun Mar 20 04:17:08 2022] ***
compiled with version: 9.3.0 on 03 March 2022 20:21:01
os: Linux-5.4.0-60-generic #67-Ubuntu SMP Tue Jan 5 18:31:36 UTC 2021
nodename: bvm48
machine: x86_64
clock source: unix
pcre jit disabled
detected number of CPU cores: 4
current working directory: /
detected binary path: /usr/local/bin/uwsgi
chdir() to /home/tmh327/public_html/uwsgi/
your processes number limit is 15393
your memory page size is 4096 bytes
detected max file descriptor number: 1024
lock engine: pthread robust mutexes
thunder lock: disabled (you can enable it with --thunder-lock)
uwsgi socket 0 inherited INET address 10.246.250.148:9917 fd 9
Python version: 3.8.10 (default, Nov 26 2021, 20:14:08)  [GCC 9.3.0]
PEP 405 virtualenv detected: /home/tmh327/public_html/uwsgi/env/
Set PythonHome to /home/tmh327/public_html/uwsgi/env/
*** Python threads support is disabled. You can enable it with --enable-threads ***
Python main interpreter initialized at 0x5591a559cee0
your server socket listen backlog is limited to 100 connections
your mercy for graceful operations on workers is 60 seconds
mapped 364600 bytes (356 KB) for 4 cores
*** Operational MODE: preforking ***
Traceback (most recent call last):
  File "/home2/home-t/tmh327/public_html/uwsgi/./run.py", line 4, in <module>
    from forms import LoginForm, ProjectForm, RegisterForm, ProfileForm
  File "/home2/home-t/tmh327/public_html/uwsgi/./forms.py", line 6, in <module>
    class LoginForm(FlaskForm):
  File "/home2/home-t/tmh327/public_html/uwsgi/./forms.py", line 7, in LoginForm
    email = StringField('Email',validators=[DataRequired(),Email()])
  File "/home/tmh327/public_html/uwsgi/env/lib/python3.8/site-packages/wtforms/validators.py", line 393, in __init__
    raise Exception("Install 'email_validator' for email validation support.")
Exception: Install 'email_validator' for email validation support.
unable to load app 0 (mountpoint='') (callable not found or import error)
*** no app loaded. going in full dynamic mode ***
*** uWSGI is running in multiple interpreter mode ***
gracefully (RE)spawned uWSGI master process (pid: 195666)
spawned uWSGI worker 1 (pid: 195888, cores: 1)
spawned uWSGI worker 2 (pid: 195889, cores: 1)
spawned uWSGI worker 3 (pid: 195890, cores: 1)
spawned uWSGI worker 4 (pid: 195891, cores: 1)
--- no python application found, check your startup logs for errors ---
[pid: 195890|app: -1|req: -1/1] 10.246.155.246 () {34 vars in 662 bytes} [Sun Mar 20 04:18:13 2022] GET / => generated 21 bytes in 0 msecs (HTTP/1.1 500) 2 headers in 83 bytes (0 switches on core 0)
announcing my loyalty to the Emperor...
--- no python application found, check your startup logs for errors ---
[pid: 195891|app: -1|req: -1/2] 10.246.155.246 () {32 vars in 590 bytes} [Sun Mar 20 04:18:13 2022] GET /favicon.ico => generated 21 bytes in 0 msecs (HTTP/1.1 500) 2 headers in 83 bytes (0 switches on core 0)
announcing my loyalty to the Emperor...
Sun Mar 20 04:18:22 2022 - received message 1 from emperor
...gracefully killing workers...
Gracefully killing worker 4 (pid: 195891)...
Gracefully killing worker 1 (pid: 195888)...
*** Starting uWSGI 2.0.20 (64bit) on [Sun Mar 20 04:18:22 2022] ***
compiled with version: 9.3.0 on 03 March 2022 20:21:01
os: Linux-5.4.0-60-generic #67-Ubuntu SMP Tue Jan 5 18:31:36 UTC 2021
nodename: bvm48
machine: x86_64
clock source: unix
pcre jit disabled
detected number of CPU cores: 4
current working directory: /
detected binary path: /usr/local/bin/uwsgi
chdir() to /home/tmh327/public_html/uwsgi/
your processes number limit is 15393
your memory page size is 4096 bytes
detected max file descriptor number: 1024
lock engine: pthread robust mutexes
thunder lock: disabled (you can enable it with --thunder-lock)
uwsgi socket 0 inherited INET address 10.246.250.148:9917 fd 9
Python version: 3.8.10 (default, Nov 26 2021, 20:14:08)  [GCC 9.3.0]
PEP 405 virtualenv detected: /home/tmh327/public_html/uwsgi/env/
Set PythonHome to /home/tmh327/public_html/uwsgi/env/
*** Python threads support is disabled. You can enable it with --enable-threads ***
Python main interpreter initialized at 0x5620a2716ee0
your server socket listen backlog is limited to 100 connections
your mercy for graceful operations on workers is 60 seconds
mapped 364600 bytes (356 KB) for 4 cores
*** Operational MODE: preforking ***
ModuleNotFoundError: No module named 'uwsgi.run'; 'uwsgi' is not a package
unable to load app 0 (mountpoint='') (callable not found or import error)
*** no app loaded. going in full dynamic mode ***
*** uWSGI is running in multiple interpreter mode ***
gracefully (RE)spawned uWSGI master process (pid: 195666)
spawned uWSGI worker 1 (pid: 195917, cores: 1)
spawned uWSGI worker 2 (pid: 195918, cores: 1)
spawned uWSGI worker 3 (pid: 195919, cores: 1)
spawned uWSGI worker 4 (pid: 195920, cores: 1)
Sun Mar 20 04:18:46 2022 - received message 1 from emperor
...gracefully killing workers...
Gracefully killing worker 3 (pid: 195919)...
Gracefully killing worker 1 (pid: 195917)...
Gracefully killing worker 2 (pid: 195918)...
Gracefully killing worker 4 (pid: 195920)...
*** Starting uWSGI 2.0.20 (64bit) on [Sun Mar 20 04:18:47 2022] ***
compiled with version: 9.3.0 on 03 March 2022 20:21:01
os: Linux-5.4.0-60-generic #67-Ubuntu SMP Tue Jan 5 18:31:36 UTC 2021
nodename: bvm48
machine: x86_64
clock source: unix
pcre jit disabled
detected number of CPU cores: 4
current working directory: /
detected binary path: /usr/local/bin/uwsgi
chdir() to /home/tmh327/public_html/uwsgi/
your processes number limit is 15393
your memory page size is 4096 bytes
detected max file descriptor number: 1024
lock engine: pthread robust mutexes
thunder lock: disabled (you can enable it with --thunder-lock)
uwsgi socket 0 inherited INET address 10.246.250.148:9917 fd 9
Python version: 3.8.10 (default, Nov 26 2021, 20:14:08)  [GCC 9.3.0]
PEP 405 virtualenv detected: /home/tmh327/public_html/uwsgi/env/
Set PythonHome to /home/tmh327/public_html/uwsgi/env/
*** Python threads support is disabled. You can enable it with --enable-threads ***
Python main interpreter initialized at 0x55ab86d7aee0
your server socket listen backlog is limited to 100 connections
your mercy for graceful operations on workers is 60 seconds
mapped 364600 bytes (356 KB) for 4 cores
*** Operational MODE: preforking ***
Traceback (most recent call last):
  File "/home2/home-t/tmh327/public_html/uwsgi/./run.py", line 4, in <module>
    from forms import LoginForm, ProjectForm, RegisterForm, ProfileForm
  File "/home2/home-t/tmh327/public_html/uwsgi/./forms.py", line 6, in <module>
    class LoginForm(FlaskForm):
  File "/home2/home-t/tmh327/public_html/uwsgi/./forms.py", line 7, in LoginForm
    email = StringField('Email',validators=[DataRequired(),Email()])
  File "/home/tmh327/public_html/uwsgi/env/lib/python3.8/site-packages/wtforms/validators.py", line 393, in __init__
    raise Exception("Install 'email_validator' for email validation support.")
Exception: Install 'email_validator' for email validation support.
unable to load app 0 (mountpoint='') (callable not found or import error)
*** no app loaded. going in full dynamic mode ***
*** uWSGI is running in multiple interpreter mode ***
gracefully (RE)spawned uWSGI master process (pid: 195666)
spawned uWSGI worker 1 (pid: 195923, cores: 1)
spawned uWSGI worker 2 (pid: 195924, cores: 1)
spawned uWSGI worker 3 (pid: 195925, cores: 1)
spawned uWSGI worker 4 (pid: 195926, cores: 1)
--- no python application found, check your startup logs for errors ---
[pid: 195926|app: -1|req: -1/1] 10.246.155.246 () {34 vars in 662 bytes} [Sun Mar 20 04:21:25 2022] GET / => generated 21 bytes in 0 msecs (HTTP/1.1 500) 2 headers in 83 bytes (0 switches on core 0)
announcing my loyalty to the Emperor...
--- no python application found, check your startup logs for errors ---
[pid: 195924|app: -1|req: -1/2] 10.246.155.246 () {32 vars in 590 bytes} [Sun Mar 20 04:21:25 2022] GET /favicon.ico => generated 21 bytes in 0 msecs (HTTP/1.1 500) 2 headers in 83 bytes (0 switches on core 0)
announcing my loyalty to the Emperor...
Sun Mar 20 04:21:35 2022 - received message 1 from emperor
*** Starting uWSGI 2.0.20 (64bit) on [Sun Mar 20 04:21:36 2022] ***
compiled with version: 9.3.0 on 03 March 2022 20:21:01
os: Linux-5.4.0-60-generic #67-Ubuntu SMP Tue Jan 5 18:31:36 UTC 2021
nodename: bvm48
machine: x86_64
clock source: unix
pcre jit disabled
detected number of CPU cores: 4
current working directory: /
detected binary path: /usr/local/bin/uwsgi
chdir() to /home/tmh327/public_html/uwsgi/
your processes number limit is 15393
your memory page size is 4096 bytes
detected max file descriptor number: 1024
lock engine: pthread robust mutexes
thunder lock: disabled (you can enable it with --thunder-lock)
uwsgi socket 0 inherited INET address 10.246.250.148:9917 fd 9
Python version: 3.8.10 (default, Nov 26 2021, 20:14:08)  [GCC 9.3.0]
PEP 405 virtualenv detected: /home/tmh327/public_html/uwsgi/env/
Set PythonHome to /home/tmh327/public_html/uwsgi/env/
*** Python threads support is disabled. You can enable it with --enable-threads ***
Python main interpreter initialized at 0x55e0acd7eee0
your server socket listen backlog is limited to 100 connections
your mercy for graceful operations on workers is 60 seconds
mapped 364600 bytes (356 KB) for 4 cores
*** Operational MODE: preforking ***
Traceback (most recent call last):
  File "/home2/home-t/tmh327/public_html/uwsgi/./run.py", line 4, in <module>
    from forms import LoginForm, ProjectForm, RegisterForm, ProfileForm
  File "/home2/home-t/tmh327/public_html/uwsgi/./forms.py", line 6, in <module>
    class LoginForm(FlaskForm):
  File "/home2/home-t/tmh327/public_html/uwsgi/./forms.py", line 7, in LoginForm
    email = StringField('Email',validators=[DataRequired(),Email()])
  File "/home/tmh327/public_html/uwsgi/env/lib/python3.8/site-packages/wtforms/validators.py", line 393, in __init__
    raise Exception("Install 'email_validator' for email validation support.")
Exception: Install 'email_validator' for email validation support.
unable to load app 0 (mountpoint='') (callable not found or import error)
*** no app loaded. going in full dynamic mode ***
*** uWSGI is running in multiple interpreter mode ***
gracefully (RE)spawned uWSGI master process (pid: 195666)
spawned uWSGI worker 1 (pid: 195939, cores: 1)
spawned uWSGI worker 2 (pid: 195940, cores: 1)
spawned uWSGI worker 3 (pid: 195941, cores: 1)
spawned uWSGI worker 4 (pid: 195942, cores: 1)
--- no python application found, check your startup logs for errors ---
[pid: 195940|app: -1|req: -1/1] 10.246.155.246 () {34 vars in 662 bytes} [Sun Mar 20 04:22:15 2022] GET / => generated 21 bytes in 0 msecs (HTTP/1.1 500) 2 headers in 83 bytes (0 switches on core 0)
announcing my loyalty to the Emperor...
--- no python application found, check your startup logs for errors ---
[pid: 195941|app: -1|req: -1/2] 10.246.155.246 () {32 vars in 590 bytes} [Sun Mar 20 04:22:15 2022] GET /favicon.ico => generated 21 bytes in 0 msecs (HTTP/1.1 500) 2 headers in 83 bytes (0 switches on core 0)
announcing my loyalty to the Emperor...
--- no python application found, check your startup logs for errors ---
[pid: 195941|app: -1|req: -1/3] 10.246.155.246 () {34 vars in 662 bytes} [Sun Mar 20 04:22:38 2022] GET / => generated 21 bytes in 0 msecs (HTTP/1.1 500) 2 headers in 83 bytes (0 switches on core 0)
--- no python application found, check your startup logs for errors ---
[pid: 195941|app: -1|req: -1/4] 10.246.155.246 () {32 vars in 590 bytes} [Sun Mar 20 04:22:38 2022] GET /favicon.ico => generated 21 bytes in 0 msecs (HTTP/1.1 500) 2 headers in 83 bytes (0 switches on core 0)
Sun Mar 20 04:22:49 2022 - received message 1 from emperor
...gracefully killing workers...
Gracefully killing worker 1 (pid: 195939)...
Gracefully killing worker 3 (pid: 195941)...
Gracefully killing worker 4 (pid: 195942)...
Gracefully killing worker 2 (pid: 195940)...
*** Starting uWSGI 2.0.20 (64bit) on [Sun Mar 20 04:22:49 2022] ***
compiled with version: 9.3.0 on 03 March 2022 20:21:01
os: Linux-5.4.0-60-generic #67-Ubuntu SMP Tue Jan 5 18:31:36 UTC 2021
nodename: bvm48
machine: x86_64
clock source: unix
pcre jit disabled
detected number of CPU cores: 4
current working directory: /
detected binary path: /usr/local/bin/uwsgi
chdir() to /home/tmh327/public_html/uwsgi/
your processes number limit is 15393
your memory page size is 4096 bytes
detected max file descriptor number: 1024
lock engine: pthread robust mutexes
thunder lock: disabled (you can enable it with --thunder-lock)
uwsgi socket 0 inherited INET address 10.246.250.148:9917 fd 9
Python version: 3.8.10 (default, Nov 26 2021, 20:14:08)  [GCC 9.3.0]
PEP 405 virtualenv detected: /home/tmh327/public_html/uwsgi/env/
Set PythonHome to /home/tmh327/public_html/uwsgi/env/
*** Python threads support is disabled. You can enable it with --enable-threads ***
Python main interpreter initialized at 0x558face31ee0
your server socket listen backlog is limited to 100 connections
your mercy for graceful operations on workers is 60 seconds
mapped 364600 bytes (356 KB) for 4 cores
*** Operational MODE: preforking ***
ModuleNotFoundError: No module named 'run.py'; 'run' is not a package
unable to load app 0 (mountpoint='') (callable not found or import error)
*** no app loaded. going in full dynamic mode ***
*** uWSGI is running in multiple interpreter mode ***
gracefully (RE)spawned uWSGI master process (pid: 195666)
spawned uWSGI worker 1 (pid: 195950, cores: 1)
spawned uWSGI worker 2 (pid: 195951, cores: 1)
spawned uWSGI worker 3 (pid: 195952, cores: 1)
spawned uWSGI worker 4 (pid: 195953, cores: 1)
--- no python application found, check your startup logs for errors ---
[pid: 195952|app: -1|req: -1/1] 10.246.155.246 () {34 vars in 662 bytes} [Sun Mar 20 04:23:53 2022] GET / => generated 21 bytes in 0 msecs (HTTP/1.1 500) 2 headers in 83 bytes (0 switches on core 0)
announcing my loyalty to the Emperor...
--- no python application found, check your startup logs for errors ---
[pid: 195953|app: -1|req: -1/2] 10.246.155.246 () {32 vars in 590 bytes} [Sun Mar 20 04:23:53 2022] GET /favicon.ico => generated 21 bytes in 0 msecs (HTTP/1.1 500) 2 headers in 83 bytes (0 switches on core 0)
announcing my loyalty to the Emperor...
Sun Mar 20 04:23:55 2022 - received message 1 from emperor
...gracefully killing workers...
Gracefully killing worker 4 (pid: 195953)...
Gracefully killing worker 1 (pid: 195950)...
Gracefully killing worker 2 (pid: 195951)...
Gracefully killing worker 3 (pid: 195952)...
*** Starting uWSGI 2.0.20 (64bit) on [Sun Mar 20 04:23:56 2022] ***
compiled with version: 9.3.0 on 03 March 2022 20:21:01
os: Linux-5.4.0-60-generic #67-Ubuntu SMP Tue Jan 5 18:31:36 UTC 2021
nodename: bvm48
machine: x86_64
clock source: unix
pcre jit disabled
detected number of CPU cores: 4
current working directory: /
detected binary path: /usr/local/bin/uwsgi
chdir() to /home/tmh327/public_html/uwsgi/
your processes number limit is 15393
your memory page size is 4096 bytes
detected max file descriptor number: 1024
lock engine: pthread robust mutexes
thunder lock: disabled (you can enable it with --thunder-lock)
uwsgi socket 0 inherited INET address 10.246.250.148:9917 fd 9
Python version: 3.8.10 (default, Nov 26 2021, 20:14:08)  [GCC 9.3.0]
PEP 405 virtualenv detected: /home/tmh327/public_html/uwsgi/env/
Set PythonHome to /home/tmh327/public_html/uwsgi/env/
*** Python threads support is disabled. You can enable it with --enable-threads ***
Python main interpreter initialized at 0x56241ac01ee0
your server socket listen backlog is limited to 100 connections
your mercy for graceful operations on workers is 60 seconds
mapped 364600 bytes (356 KB) for 4 cores
*** Operational MODE: preforking ***
WSGI app 0 (mountpoint='') ready in 2 seconds on interpreter 0x56241ac01ee0 pid: 195666 (default app)
*** uWSGI is running in multiple interpreter mode ***
gracefully (RE)spawned uWSGI master process (pid: 195666)
spawned uWSGI worker 1 (pid: 195966, cores: 1)
spawned uWSGI worker 2 (pid: 195967, cores: 1)
spawned uWSGI worker 3 (pid: 195968, cores: 1)
spawned uWSGI worker 4 (pid: 195969, cores: 1)
[pid: 195967|app: 0|req: 1/1] 10.246.155.246 () {34 vars in 662 bytes} [Sun Mar 20 04:24:04 2022] GET / => generated 2695 bytes in 36 msecs (HTTP/1.1 200) 2 headers in 81 bytes (1 switches on core 0)
announcing my loyalty to the Emperor...
[pid: 195969|app: 0|req: 1/2] 10.246.155.246 () {32 vars in 570 bytes} [Sun Mar 20 04:24:04 2022] GET /static/css/normalize.css => generated 232 bytes in 4 msecs (HTTP/1.1 404) 2 headers in 87 bytes (1 switches on core 0)
announcing my loyalty to the Emperor...
[pid: 195969|app: 0|req: 2/3] 10.246.155.246 () {32 vars in 568 bytes} [Sun Mar 20 04:24:04 2022] GET /static/css/skeleton.css => generated 232 bytes in 1 msecs (HTTP/1.1 404) 2 headers in 87 bytes (1 switches on core 0)
[pid: 195968|app: 0|req: 1/4] 10.246.155.246 () {32 vars in 598 bytes} [Sun Mar 20 04:24:05 2022] GET /static/logo.png => generated 232 bytes in 4 msecs (HTTP/1.1 404) 2 headers in 87 bytes (1 switches on core 0)
announcing my loyalty to the Emperor...
[pid: 195969|app: 0|req: 3/5] 10.246.155.246 () {34 vars in 684 bytes} [Sun Mar 20 04:24:09 2022] GET /login => generated 2987 bytes in 69 msecs (HTTP/1.1 200) 4 headers in 246 bytes (1 switches on core 0)
[pid: 195968|app: 0|req: 2/6] 10.246.155.246 () {34 vars in 697 bytes} [Sun Mar 20 04:24:09 2022] GET /static/css/nav.css => generated 232 bytes in 2 msecs (HTTP/1.1 404) 2 headers in 87 bytes (1 switches on core 0)
[pid: 195967|app: 0|req: 2/7] 10.246.155.246 () {34 vars in 709 bytes} [Sun Mar 20 04:24:09 2022] GET /static/css/normalize.css => generated 232 bytes in 1 msecs (HTTP/1.1 404) 2 headers in 87 bytes (1 switches on core 0)
[pid: 195966|app: 0|req: 1/8] 10.246.155.246 () {34 vars in 707 bytes} [Sun Mar 20 04:24:09 2022] GET /static/css/skeleton.css => generated 232 bytes in 5 msecs (HTTP/1.1 404) 2 headers in 87 bytes (1 switches on core 0)
announcing my loyalty to the Emperor...
[pid: 195968|app: 0|req: 3/9] 10.246.155.246 () {44 vars in 966 bytes} [Sun Mar 20 04:24:21 2022] POST /login => generated 208 bytes in 103 msecs (HTTP/1.1 302) 6 headers in 642 bytes (1 switches on core 0)
[pid: 195968|app: 0|req: 4/10] 10.246.155.246 () {38 vars in 1140 bytes} [Sun Mar 20 04:24:21 2022] GET / => generated 3452 bytes in 33 msecs (HTTP/1.1 200) 3 headers in 95 bytes (1 switches on core 0)
[pid: 195966|app: 0|req: 2/11] 10.246.155.246 () {34 vars in 1000 bytes} [Sun Mar 20 04:24:21 2022] GET /static/css/normalize.css => generated 232 bytes in 2 msecs (HTTP/1.1 404) 2 headers in 87 bytes (1 switches on core 0)
[pid: 195969|app: 0|req: 4/12] 10.246.155.246 () {34 vars in 998 bytes} [Sun Mar 20 04:24:21 2022] GET /static/css/skeleton.css => generated 232 bytes in 2 msecs (HTTP/1.1 404) 2 headers in 87 bytes (1 switches on core 0)
[pid: 195969|app: 0|req: 5/13] 10.246.155.246 () {36 vars in 1116 bytes} [Sun Mar 20 04:24:26 2022] GET /logout => generated 218 bytes in 14 msecs (HTTP/1.1 302) 6 headers in 468 bytes (1 switches on core 0)
[pid: 195969|app: 0|req: 6/14] 10.246.155.246 () {36 vars in 907 bytes} [Sun Mar 20 04:24:26 2022] GET /login => generated 3109 bytes in 2 msecs (HTTP/1.1 200) 4 headers in 266 bytes (1 switches on core 0)
[pid: 195969|app: 0|req: 7/15] 10.246.155.246 () {34 vars in 729 bytes} [Sun Mar 20 04:24:26 2022] GET /static/css/normalize.css => generated 232 bytes in 1 msecs (HTTP/1.1 404) 2 headers in 87 bytes (1 switches on core 0)
[pid: 195967|app: 0|req: 3/16] 10.246.155.246 () {34 vars in 717 bytes} [Sun Mar 20 04:24:26 2022] GET /static/css/nav.css => generated 232 bytes in 2 msecs (HTTP/1.1 404) 2 headers in 87 bytes (1 switches on core 0)
[pid: 195968|app: 0|req: 5/17] 10.246.155.246 () {34 vars in 727 bytes} [Sun Mar 20 04:24:26 2022] GET /static/css/skeleton.css => generated 232 bytes in 3 msecs (HTTP/1.1 404) 2 headers in 87 bytes (1 switches on core 0)
[pid: 195967|app: 0|req: 4/18] 10.246.155.246 () {36 vars in 826 bytes} [Sun Mar 20 05:25:40 2022] GET /login => generated 2987 bytes in 30 msecs (HTTP/1.1 200) 4 headers in 266 bytes (1 switches on core 0)
[pid: 195969|app: 0|req: 8/19] 10.246.155.246 () {34 vars in 729 bytes} [Sun Mar 20 05:25:40 2022] GET /static/css/normalize.css => generated 232 bytes in 4 msecs (HTTP/1.1 404) 2 headers in 87 bytes (1 switches on core 0)
[pid: 195969|app: 0|req: 9/20] 10.246.155.246 () {34 vars in 717 bytes} [Sun Mar 20 05:25:40 2022] GET /static/css/nav.css => generated 232 bytes in 1 msecs (HTTP/1.1 404) 2 headers in 87 bytes (1 switches on core 0)
[pid: 195967|app: 0|req: 5/21] 10.246.155.246 () {34 vars in 727 bytes} [Sun Mar 20 05:25:40 2022] GET /static/css/skeleton.css => generated 232 bytes in 2 msecs (HTTP/1.1 404) 2 headers in 87 bytes (1 switches on core 0)
Sun Mar 20 05:41:00 2022 - received message 1 from emperor
*** Starting uWSGI 2.0.20 (64bit) on [Sun Mar 20 05:41:00 2022] ***
compiled with version: 9.3.0 on 03 March 2022 20:21:01
os: Linux-5.4.0-60-generic #67-Ubuntu SMP Tue Jan 5 18:31:36 UTC 2021
nodename: bvm48
machine: x86_64
clock source: unix
pcre jit disabled
detected number of CPU cores: 4
current working directory: /
detected binary path: /usr/local/bin/uwsgi
chdir() to /home/tmh327/public_html/uwsgi/
your processes number limit is 15393
your memory page size is 4096 bytes
detected max file descriptor number: 1024
lock engine: pthread robust mutexes
thunder lock: disabled (you can enable it with --thunder-lock)
uwsgi socket 0 inherited INET address 10.246.250.148:9917 fd 9
Python version: 3.8.10 (default, Nov 26 2021, 20:14:08)  [GCC 9.3.0]
PEP 405 virtualenv detected: /home/tmh327/public_html/uwsgi/env/
Set PythonHome to /home/tmh327/public_html/uwsgi/env/
*** Python threads support is disabled. You can enable it with --enable-threads ***
Python main interpreter initialized at 0x55742f1b3ee0
your server socket listen backlog is limited to 100 connections
your mercy for graceful operations on workers is 60 seconds
mapped 364600 bytes (356 KB) for 4 cores
*** Operational MODE: preforking ***
WSGI app 0 (mountpoint='') ready in 2 seconds on interpreter 0x55742f1b3ee0 pid: 195666 (default app)
*** uWSGI is running in multiple interpreter mode ***
gracefully (RE)spawned uWSGI master process (pid: 195666)
spawned uWSGI worker 1 (pid: 196455, cores: 1)
spawned uWSGI worker 2 (pid: 196456, cores: 1)
spawned uWSGI worker 3 (pid: 196457, cores: 1)
spawned uWSGI worker 4 (pid: 196458, cores: 1)
[pid: 196458|app: 0|req: 1/1] 10.246.155.246 () {36 vars in 826 bytes} [Sun Mar 20 05:42:26 2022] GET /login => generated 2931 bytes in 46 msecs (HTTP/1.1 200) 4 headers in 266 bytes (1 switches on core 0)
announcing my loyalty to the Emperor...
[pid: 196458|app: 0|req: 2/2] 10.246.155.246 () {34 vars in 729 bytes} [Sun Mar 20 05:42:27 2022] GET /static/css/normalize.css => generated 232 bytes in 2 msecs (HTTP/1.1 404) 2 headers in 87 bytes (1 switches on core 0)
[pid: 196456|app: 0|req: 1/3] 10.246.155.246 () {34 vars in 727 bytes} [Sun Mar 20 05:42:27 2022] GET /static/css/skeleton.css => generated 232 bytes in 8 msecs (HTTP/1.1 404) 2 headers in 87 bytes (1 switches on core 0)
announcing my loyalty to the Emperor...
[pid: 196458|app: 0|req: 3/4] 10.246.155.246 () {34 vars in 785 bytes} [Sun Mar 20 05:42:30 2022] GET / => generated 2695 bytes in 9 msecs (HTTP/1.1 200) 4 headers in 266 bytes (1 switches on core 0)
[pid: 196457|app: 0|req: 1/5] 10.246.155.246 () {34 vars in 724 bytes} [Sun Mar 20 05:42:30 2022] GET /static/css/normalize.css => generated 232 bytes in 7 msecs (HTTP/1.1 404) 2 headers in 87 bytes (1 switches on core 0)
announcing my loyalty to the Emperor...
[pid: 196457|app: 0|req: 2/6] 10.246.155.246 () {34 vars in 722 bytes} [Sun Mar 20 05:42:30 2022] GET /static/css/skeleton.css => generated 232 bytes in 1 msecs (HTTP/1.1 404) 2 headers in 87 bytes (1 switches on core 0)
[pid: 196458|app: 0|req: 4/7] 10.246.155.246 () {36 vars in 838 bytes} [Sun Mar 20 05:42:31 2022] GET /login => generated 2931 bytes in 3 msecs (HTTP/1.1 200) 4 headers in 266 bytes (1 switches on core 0)
[pid: 196458|app: 0|req: 5/8] 10.246.155.246 () {34 vars in 729 bytes} [Sun Mar 20 05:42:31 2022] GET /static/css/normalize.css => generated 232 bytes in 1 msecs (HTTP/1.1 404) 2 headers in 87 bytes (1 switches on core 0)
[pid: 196458|app: 0|req: 6/9] 10.246.155.246 () {34 vars in 727 bytes} [Sun Mar 20 05:42:31 2022] GET /static/css/skeleton.css => generated 232 bytes in 1 msecs (HTTP/1.1 404) 2 headers in 87 bytes (1 switches on core 0)
[pid: 196457|app: 0|req: 3/10] 10.246.155.246 () {36 vars in 826 bytes} [Sun Mar 20 05:43:10 2022] GET /login => generated 2964 bytes in 255 msecs (HTTP/1.1 200) 4 headers in 266 bytes (1 switches on core 0)
[pid: 196458|app: 0|req: 7/11] 10.246.155.246 () {34 vars in 729 bytes} [Sun Mar 20 05:43:10 2022] GET /static/css/normalize.css => generated 232 bytes in 1 msecs (HTTP/1.1 404) 2 headers in 87 bytes (1 switches on core 0)
[pid: 196458|app: 0|req: 8/12] 10.246.155.246 () {34 vars in 727 bytes} [Sun Mar 20 05:43:10 2022] GET /static/css/skeleton.css => generated 232 bytes in 1 msecs (HTTP/1.1 404) 2 headers in 87 bytes (1 switches on core 0)
[pid: 196458|app: 0|req: 9/13] 10.246.155.246 () {34 vars in 785 bytes} [Sun Mar 20 05:46:52 2022] GET / => generated 2695 bytes in 7 msecs (HTTP/1.1 200) 4 headers in 266 bytes (1 switches on core 0)
[pid: 196457|app: 0|req: 4/14] 10.246.155.246 () {34 vars in 724 bytes} [Sun Mar 20 05:46:52 2022] GET /static/css/normalize.css => generated 232 bytes in 5 msecs (HTTP/1.1 404) 2 headers in 87 bytes (1 switches on core 0)
[pid: 196458|app: 0|req: 10/15] 10.246.155.246 () {34 vars in 722 bytes} [Sun Mar 20 05:46:52 2022] GET /static/css/skeleton.css => generated 232 bytes in 2 msecs (HTTP/1.1 404) 2 headers in 87 bytes (1 switches on core 0)
[pid: 196458|app: 0|req: 11/16] 10.246.155.246 () {36 vars in 838 bytes} [Sun Mar 20 05:46:54 2022] GET /login => generated 2931 bytes in 3 msecs (HTTP/1.1 200) 4 headers in 266 bytes (1 switches on core 0)
[pid: 196456|app: 0|req: 2/17] 10.246.155.246 () {34 vars in 729 bytes} [Sun Mar 20 05:46:54 2022] GET /static/css/normalize.css => generated 232 bytes in 5 msecs (HTTP/1.1 404) 2 headers in 87 bytes (1 switches on core 0)
[pid: 196456|app: 0|req: 3/18] 10.246.155.246 () {34 vars in 727 bytes} [Sun Mar 20 05:46:54 2022] GET /static/css/skeleton.css => generated 232 bytes in 2 msecs (HTTP/1.1 404) 2 headers in 87 bytes (1 switches on core 0)
